2021-08-24 11:52:57,923 INFO o.a.j.u.JMeterUtils: Setting Locale to en_US
2021-08-24 11:52:57,950 INFO o.a.j.JMeter: Loading user properties from: /home/taimoor/Downloads/apache-jmeter-5.2.1/bin/user.properties
2021-08-24 11:52:57,951 INFO o.a.j.JMeter: Loading system properties from: /home/taimoor/Downloads/apache-jmeter-5.2.1/bin/system.properties
2021-08-24 11:52:57,953 INFO o.a.j.JMeter: Copyright (c) 1998-2019 The Apache Software Foundation
2021-08-24 11:52:57,953 INFO o.a.j.JMeter: Version 5.2.1
2021-08-24 11:52:57,953 INFO o.a.j.JMeter: java.version=11.0.11
2021-08-24 11:52:57,953 INFO o.a.j.JMeter: java.vm.name=OpenJDK 64-Bit Server VM
2021-08-24 11:52:57,953 INFO o.a.j.JMeter: os.name=Linux
2021-08-24 11:52:57,953 INFO o.a.j.JMeter: os.arch=amd64
2021-08-24 11:52:57,953 INFO o.a.j.JMeter: os.version=5.4.0-80-generic
2021-08-24 11:52:57,953 INFO o.a.j.JMeter: file.encoding=UTF-8
2021-08-24 11:52:57,953 INFO o.a.j.JMeter: java.awt.headless=null
2021-08-24 11:52:57,953 INFO o.a.j.JMeter: Max memory     =2025848832
2021-08-24 11:52:57,954 INFO o.a.j.JMeter: Available Processors =8
2021-08-24 11:52:57,961 INFO o.a.j.JMeter: Default Locale=English (United States)
2021-08-24 11:52:57,961 INFO o.a.j.JMeter: JMeter  Locale=English (United States)
2021-08-24 11:52:57,961 INFO o.a.j.JMeter: JMeterHome=/home/taimoor/Downloads/apache-jmeter-5.2.1
2021-08-24 11:52:57,961 INFO o.a.j.JMeter: user.dir  =/home/taimoor/Downloads/apache-jmeter-5.2.1
2021-08-24 11:52:57,961 INFO o.a.j.JMeter: PWD       =/home/taimoor/Downloads/apache-jmeter-5.2.1
2021-08-24 11:52:57,962 INFO o.a.j.JMeter: IP: 127.0.1.1 Name: taimoor-HP-ENVY-Laptop-13-ad1xx FullName: taimoor-HP-ENVY-Laptop-13-ad1xx
2021-08-24 11:52:58,281 INFO o.a.j.g.a.LookAndFeelCommand: Installing Darcula LAF
2021-08-24 11:52:58,315 INFO o.a.j.g.a.LookAndFeelCommand: Using look and feel: com.bulenkov.darcula.DarculaLaf [Darcula]
2021-08-24 11:52:58,316 INFO o.a.j.JMeter: Setting LAF to: com.bulenkov.darcula.DarculaLaf
2021-08-24 11:52:58,402 INFO o.a.j.JMeter: Loaded icon properties from org/apache/jmeter/images/icon.properties
2021-08-24 11:52:59,185 INFO o.j.r.JARSourceHTTP: Requesting https://jmeter-plugins.org/repo/?installID=linux-1e3ea1dd53c676fbe95a60735fd41cf3-gui
2021-08-24 11:53:01,344 INFO o.a.j.p.h.s.HTTPSamplerBase: Parser for text/html is org.apache.jmeter.protocol.http.parser.LagartoBasedHtmlParser
2021-08-24 11:53:01,345 INFO o.a.j.p.h.s.HTTPSamplerBase: Parser for application/xhtml+xml is org.apache.jmeter.protocol.http.parser.LagartoBasedHtmlParser
2021-08-24 11:53:01,345 INFO o.a.j.p.h.s.HTTPSamplerBase: Parser for application/xml is org.apache.jmeter.protocol.http.parser.LagartoBasedHtmlParser
2021-08-24 11:53:01,345 INFO o.a.j.p.h.s.HTTPSamplerBase: Parser for text/xml is org.apache.jmeter.protocol.http.parser.LagartoBasedHtmlParser
2021-08-24 11:53:01,345 INFO o.a.j.p.h.s.HTTPSamplerBase: Parser for text/vnd.wap.wml is org.apache.jmeter.protocol.http.parser.RegexpHTMLParser
2021-08-24 11:53:01,346 INFO o.a.j.p.h.s.HTTPSamplerBase: Parser for text/css is org.apache.jmeter.protocol.http.parser.CssParser
2021-08-24 11:53:01,639 INFO o.a.j.e.KeyToolUtils: keytool found at 'keytool'
2021-08-24 11:53:01,640 INFO o.a.j.p.h.p.ProxyControl: HTTP(S) Test Script Recorder SSL Proxy will use keys that support embedded 3rd party resources in file /home/taimoor/Downloads/apache-jmeter-5.2.1/bin/proxyserver.jks
2021-08-24 11:53:01,773 INFO o.a.j.s.FileServer: Default base='/home/taimoor/Downloads/apache-jmeter-5.2.1'
2021-08-24 11:53:02,134 INFO o.a.j.s.SampleResult: Note: Sample TimeStamps are START times
2021-08-24 11:53:02,134 INFO o.a.j.s.SampleResult: sampleresult.default.encoding is set to ISO-8859-1
2021-08-24 11:53:02,134 INFO o.a.j.s.SampleResult: sampleresult.useNanoTime=true
2021-08-24 11:53:02,135 INFO o.a.j.s.SampleResult: sampleresult.nanoThreadSleep=5000
2021-08-24 11:53:02,157 INFO o.a.j.v.ViewResultsFullVisualizer: Add JavaFX to your Java installation if you want to use renderer: org.apache.jmeter.visualizers.RenderInBrowser
2021-08-24 11:53:02,699 INFO o.j.r.PluginManager: Plugins Status: [jpgc-graphs-basic=2.0, jpgc-cmd=2.2, jpgc-functions=2.1, jpgc-casutg=2.9, jpgc-dummy=0.4, jpgc-filterresults=2.2, jpgc-ffw=2.0, jpgc-fifo=0.2, jpgc-perfmon=2.1, jpgc-plugins-manager=1.4, jpgc-plancheck=2.4, jpgc-tst=2.5, jmeter-core=5.2.1, jmeter-ftp=5.2.1, jmeter-http=5.2.1, jmeter-jdbc=5.2.1, jmeter-jms=5.2.1, jmeter-junit=5.2.1, jmeter-java=5.2.1, jmeter-ldap=5.2.1, jmeter-mail=5.2.1, jmeter-mongodb=5.2.1, jmeter-native=5.2.1, jmeter-tcp=5.2.1, jmeter-components=5.2.1, jpgc-standard=2.0]
2021-08-24 11:53:02,703 INFO o.j.r.PluginManagerMenuItem: Plugins Manager has upgrades: [jpgc-plugins-manager]
2021-08-24 11:53:18,442 INFO o.a.j.g.a.Load: Loading file: /home/taimoor/Downloads/apache-jmeter-5.2.1/bin/Automated_Requests.jmx
2021-08-24 11:53:18,443 INFO o.a.j.s.FileServer: Set new base='/home/taimoor/Downloads/apache-jmeter-5.2.1/bin'
2021-08-24 11:53:18,630 INFO o.a.j.s.SaveService: Testplan (JMX) version: 2.2. Testlog (JTL) version: 2.2
2021-08-24 11:53:18,637 INFO o.a.j.s.SaveService: Using SaveService properties version 5.0
2021-08-24 11:53:18,639 INFO o.a.j.s.SaveService: Using SaveService properties file encoding UTF-8
2021-08-24 11:53:18,641 INFO o.a.j.s.SaveService: Loading file: /home/taimoor/Downloads/apache-jmeter-5.2.1/bin/Automated_Requests.jmx
2021-08-24 11:53:18,896 INFO o.a.j.p.h.c.CacheManager: Will only cache the following methods: [GET]
2021-08-24 11:53:19,275 INFO o.a.j.v.ViewResultsFullVisualizer: Add JavaFX to your Java installation if you want to use renderer: org.apache.jmeter.visualizers.RenderInBrowser
2021-08-24 11:53:19,330 INFO o.a.j.v.ViewResultsFullVisualizer: Add JavaFX to your Java installation if you want to use renderer: org.apache.jmeter.visualizers.RenderInBrowser
2021-08-24 11:53:19,403 INFO o.a.j.v.ViewResultsFullVisualizer: Add JavaFX to your Java installation if you want to use renderer: org.apache.jmeter.visualizers.RenderInBrowser
2021-08-24 11:53:19,449 INFO o.a.j.v.ViewResultsFullVisualizer: Add JavaFX to your Java installation if you want to use renderer: org.apache.jmeter.visualizers.RenderInBrowser
2021-08-24 11:53:19,499 INFO o.a.j.v.ViewResultsFullVisualizer: Add JavaFX to your Java installation if you want to use renderer: org.apache.jmeter.visualizers.RenderInBrowser
2021-08-24 11:53:19,546 INFO o.a.j.v.ViewResultsFullVisualizer: Add JavaFX to your Java installation if you want to use renderer: org.apache.jmeter.visualizers.RenderInBrowser
2021-08-24 11:53:19,591 INFO o.a.j.v.ViewResultsFullVisualizer: Add JavaFX to your Java installation if you want to use renderer: org.apache.jmeter.visualizers.RenderInBrowser
2021-08-24 11:53:19,627 INFO o.a.j.v.ViewResultsFullVisualizer: Add JavaFX to your Java installation if you want to use renderer: org.apache.jmeter.visualizers.RenderInBrowser
2021-08-24 11:53:19,666 INFO o.a.j.v.ViewResultsFullVisualizer: Add JavaFX to your Java installation if you want to use renderer: org.apache.jmeter.visualizers.RenderInBrowser
2021-08-24 11:53:19,708 INFO o.a.j.v.ViewResultsFullVisualizer: Add JavaFX to your Java installation if you want to use renderer: org.apache.jmeter.visualizers.RenderInBrowser
2021-08-24 11:53:19,761 INFO o.a.j.v.ViewResultsFullVisualizer: Add JavaFX to your Java installation if you want to use renderer: org.apache.jmeter.visualizers.RenderInBrowser
2021-08-24 11:53:19,806 INFO o.a.j.v.ViewResultsFullVisualizer: Add JavaFX to your Java installation if you want to use renderer: org.apache.jmeter.visualizers.RenderInBrowser
2021-08-24 11:53:19,846 INFO o.a.j.v.ViewResultsFullVisualizer: Add JavaFX to your Java installation if you want to use renderer: org.apache.jmeter.visualizers.RenderInBrowser
2021-08-24 11:53:19,881 INFO o.a.j.v.ViewResultsFullVisualizer: Add JavaFX to your Java installation if you want to use renderer: org.apache.jmeter.visualizers.RenderInBrowser
2021-08-24 11:53:19,920 INFO o.a.j.v.ViewResultsFullVisualizer: Add JavaFX to your Java installation if you want to use renderer: org.apache.jmeter.visualizers.RenderInBrowser
2021-08-24 11:53:19,955 INFO o.a.j.v.ViewResultsFullVisualizer: Add JavaFX to your Java installation if you want to use renderer: org.apache.jmeter.visualizers.RenderInBrowser
2021-08-24 11:53:19,993 INFO o.a.j.v.ViewResultsFullVisualizer: Add JavaFX to your Java installation if you want to use renderer: org.apache.jmeter.visualizers.RenderInBrowser
2021-08-24 11:53:20,029 INFO o.a.j.v.ViewResultsFullVisualizer: Add JavaFX to your Java installation if you want to use renderer: org.apache.jmeter.visualizers.RenderInBrowser
2021-08-24 11:53:20,061 INFO o.a.j.v.ViewResultsFullVisualizer: Add JavaFX to your Java installation if you want to use renderer: org.apache.jmeter.visualizers.RenderInBrowser
2021-08-24 11:53:20,094 INFO o.a.j.v.ViewResultsFullVisualizer: Add JavaFX to your Java installation if you want to use renderer: org.apache.jmeter.visualizers.RenderInBrowser
2021-08-24 11:53:20,126 INFO o.a.j.v.ViewResultsFullVisualizer: Add JavaFX to your Java installation if you want to use renderer: org.apache.jmeter.visualizers.RenderInBrowser
2021-08-24 11:53:20,158 INFO o.a.j.v.ViewResultsFullVisualizer: Add JavaFX to your Java installation if you want to use renderer: org.apache.jmeter.visualizers.RenderInBrowser
2021-08-24 11:53:20,189 INFO o.a.j.v.ViewResultsFullVisualizer: Add JavaFX to your Java installation if you want to use renderer: org.apache.jmeter.visualizers.RenderInBrowser
2021-08-24 11:53:20,219 INFO o.a.j.v.ViewResultsFullVisualizer: Add JavaFX to your Java installation if you want to use renderer: org.apache.jmeter.visualizers.RenderInBrowser
2021-08-24 11:53:20,249 INFO o.a.j.v.ViewResultsFullVisualizer: Add JavaFX to your Java installation if you want to use renderer: org.apache.jmeter.visualizers.RenderInBrowser
2021-08-24 11:53:20,277 INFO o.a.j.v.ViewResultsFullVisualizer: Add JavaFX to your Java installation if you want to use renderer: org.apache.jmeter.visualizers.RenderInBrowser
2021-08-24 11:53:20,317 INFO o.a.j.v.ViewResultsFullVisualizer: Add JavaFX to your Java installation if you want to use renderer: org.apache.jmeter.visualizers.RenderInBrowser
2021-08-24 11:53:20,349 INFO o.a.j.v.ViewResultsFullVisualizer: Add JavaFX to your Java installation if you want to use renderer: org.apache.jmeter.visualizers.RenderInBrowser
2021-08-24 11:53:20,379 INFO o.a.j.v.ViewResultsFullVisualizer: Add JavaFX to your Java installation if you want to use renderer: org.apache.jmeter.visualizers.RenderInBrowser
2021-08-24 11:53:20,411 INFO o.a.j.v.ViewResultsFullVisualizer: Add JavaFX to your Java installation if you want to use renderer: org.apache.jmeter.visualizers.RenderInBrowser
2021-08-24 11:53:20,448 INFO o.a.j.v.ViewResultsFullVisualizer: Add JavaFX to your Java installation if you want to use renderer: org.apache.jmeter.visualizers.RenderInBrowser
2021-08-24 11:53:20,483 INFO o.a.j.v.ViewResultsFullVisualizer: Add JavaFX to your Java installation if you want to use renderer: org.apache.jmeter.visualizers.RenderInBrowser
2021-08-24 11:53:20,520 INFO o.a.j.v.ViewResultsFullVisualizer: Add JavaFX to your Java installation if you want to use renderer: org.apache.jmeter.visualizers.RenderInBrowser
2021-08-24 11:53:20,552 INFO o.a.j.v.ViewResultsFullVisualizer: Add JavaFX to your Java installation if you want to use renderer: org.apache.jmeter.visualizers.RenderInBrowser
2021-08-24 11:53:20,587 INFO o.a.j.v.ViewResultsFullVisualizer: Add JavaFX to your Java installation if you want to use renderer: org.apache.jmeter.visualizers.RenderInBrowser
2021-08-24 11:53:20,628 INFO o.a.j.v.ViewResultsFullVisualizer: Add JavaFX to your Java installation if you want to use renderer: org.apache.jmeter.visualizers.RenderInBrowser
2021-08-24 11:53:20,671 INFO o.a.j.v.ViewResultsFullVisualizer: Add JavaFX to your Java installation if you want to use renderer: org.apache.jmeter.visualizers.RenderInBrowser
2021-08-24 11:53:20,706 INFO o.a.j.v.ViewResultsFullVisualizer: Add JavaFX to your Java installation if you want to use renderer: org.apache.jmeter.visualizers.RenderInBrowser
2021-08-24 11:53:20,746 INFO o.a.j.v.ViewResultsFullVisualizer: Add JavaFX to your Java installation if you want to use renderer: org.apache.jmeter.visualizers.RenderInBrowser
2021-08-24 11:53:20,780 INFO o.a.j.v.ViewResultsFullVisualizer: Add JavaFX to your Java installation if you want to use renderer: org.apache.jmeter.visualizers.RenderInBrowser
2021-08-24 11:53:20,819 INFO o.a.j.v.ViewResultsFullVisualizer: Add JavaFX to your Java installation if you want to use renderer: org.apache.jmeter.visualizers.RenderInBrowser
2021-08-24 11:53:20,849 INFO o.a.j.v.ViewResultsFullVisualizer: Add JavaFX to your Java installation if you want to use renderer: org.apache.jmeter.visualizers.RenderInBrowser
2021-08-24 11:53:20,876 INFO o.a.j.v.ViewResultsFullVisualizer: Add JavaFX to your Java installation if you want to use renderer: org.apache.jmeter.visualizers.RenderInBrowser
2021-08-24 11:53:20,904 INFO o.a.j.v.ViewResultsFullVisualizer: Add JavaFX to your Java installation if you want to use renderer: org.apache.jmeter.visualizers.RenderInBrowser
2021-08-24 11:53:20,932 INFO o.a.j.v.ViewResultsFullVisualizer: Add JavaFX to your Java installation if you want to use renderer: org.apache.jmeter.visualizers.RenderInBrowser
2021-08-24 11:53:20,960 INFO o.a.j.v.ViewResultsFullVisualizer: Add JavaFX to your Java installation if you want to use renderer: org.apache.jmeter.visualizers.RenderInBrowser
2021-08-24 11:53:20,989 INFO o.a.j.v.ViewResultsFullVisualizer: Add JavaFX to your Java installation if you want to use renderer: org.apache.jmeter.visualizers.RenderInBrowser
2021-08-24 11:53:21,019 INFO o.a.j.v.ViewResultsFullVisualizer: Add JavaFX to your Java installation if you want to use renderer: org.apache.jmeter.visualizers.RenderInBrowser
2021-08-24 11:53:21,048 INFO o.a.j.v.ViewResultsFullVisualizer: Add JavaFX to your Java installation if you want to use renderer: org.apache.jmeter.visualizers.RenderInBrowser
2021-08-24 11:53:21,077 INFO o.a.j.v.ViewResultsFullVisualizer: Add JavaFX to your Java installation if you want to use renderer: org.apache.jmeter.visualizers.RenderInBrowser
2021-08-24 11:53:21,105 INFO o.a.j.v.ViewResultsFullVisualizer: Add JavaFX to your Java installation if you want to use renderer: org.apache.jmeter.visualizers.RenderInBrowser
2021-08-24 11:53:21,134 INFO o.a.j.v.ViewResultsFullVisualizer: Add JavaFX to your Java installation if you want to use renderer: org.apache.jmeter.visualizers.RenderInBrowser
2021-08-24 11:53:21,169 INFO o.a.j.v.ViewResultsFullVisualizer: Add JavaFX to your Java installation if you want to use renderer: org.apache.jmeter.visualizers.RenderInBrowser
2021-08-24 11:53:21,195 INFO o.a.j.v.ViewResultsFullVisualizer: Add JavaFX to your Java installation if you want to use renderer: org.apache.jmeter.visualizers.RenderInBrowser
2021-08-24 11:53:21,223 INFO o.a.j.v.ViewResultsFullVisualizer: Add JavaFX to your Java installation if you want to use renderer: org.apache.jmeter.visualizers.RenderInBrowser
2021-08-24 11:53:21,250 INFO o.a.j.v.ViewResultsFullVisualizer: Add JavaFX to your Java installation if you want to use renderer: org.apache.jmeter.visualizers.RenderInBrowser
2021-08-24 11:53:21,277 INFO o.a.j.v.ViewResultsFullVisualizer: Add JavaFX to your Java installation if you want to use renderer: org.apache.jmeter.visualizers.RenderInBrowser
2021-08-24 11:53:21,303 INFO o.a.j.v.ViewResultsFullVisualizer: Add JavaFX to your Java installation if you want to use renderer: org.apache.jmeter.visualizers.RenderInBrowser
2021-08-24 11:53:21,328 INFO o.a.j.v.ViewResultsFullVisualizer: Add JavaFX to your Java installation if you want to use renderer: org.apache.jmeter.visualizers.RenderInBrowser
2021-08-24 11:53:21,354 INFO o.a.j.v.ViewResultsFullVisualizer: Add JavaFX to your Java installation if you want to use renderer: org.apache.jmeter.visualizers.RenderInBrowser
2021-08-24 11:53:21,378 INFO o.a.j.v.ViewResultsFullVisualizer: Add JavaFX to your Java installation if you want to use renderer: org.apache.jmeter.visualizers.RenderInBrowser
2021-08-24 11:53:21,407 INFO o.a.j.v.ViewResultsFullVisualizer: Add JavaFX to your Java installation if you want to use renderer: org.apache.jmeter.visualizers.RenderInBrowser
2021-08-24 11:53:21,437 INFO o.a.j.v.ViewResultsFullVisualizer: Add JavaFX to your Java installation if you want to use renderer: org.apache.jmeter.visualizers.RenderInBrowser
2021-08-24 11:53:21,460 INFO o.a.j.v.ViewResultsFullVisualizer: Add JavaFX to your Java installation if you want to use renderer: org.apache.jmeter.visualizers.RenderInBrowser
2021-08-24 11:53:21,495 INFO o.a.j.v.ViewResultsFullVisualizer: Add JavaFX to your Java installation if you want to use renderer: org.apache.jmeter.visualizers.RenderInBrowser
2021-08-24 11:53:21,521 INFO o.a.j.v.ViewResultsFullVisualizer: Add JavaFX to your Java installation if you want to use renderer: org.apache.jmeter.visualizers.RenderInBrowser
2021-08-24 11:53:21,557 INFO o.a.j.v.ViewResultsFullVisualizer: Add JavaFX to your Java installation if you want to use renderer: org.apache.jmeter.visualizers.RenderInBrowser
2021-08-24 11:53:21,583 INFO o.a.j.v.ViewResultsFullVisualizer: Add JavaFX to your Java installation if you want to use renderer: org.apache.jmeter.visualizers.RenderInBrowser
2021-08-24 11:53:21,612 INFO o.a.j.v.ViewResultsFullVisualizer: Add JavaFX to your Java installation if you want to use renderer: org.apache.jmeter.visualizers.RenderInBrowser
2021-08-24 11:53:21,635 INFO o.a.j.v.ViewResultsFullVisualizer: Add JavaFX to your Java installation if you want to use renderer: org.apache.jmeter.visualizers.RenderInBrowser
2021-08-24 11:53:21,657 INFO o.a.j.v.ViewResultsFullVisualizer: Add JavaFX to your Java installation if you want to use renderer: org.apache.jmeter.visualizers.RenderInBrowser
2021-08-24 11:53:21,682 INFO o.a.j.v.ViewResultsFullVisualizer: Add JavaFX to your Java installation if you want to use renderer: org.apache.jmeter.visualizers.RenderInBrowser
2021-08-24 11:53:21,710 INFO o.a.j.v.ViewResultsFullVisualizer: Add JavaFX to your Java installation if you want to use renderer: org.apache.jmeter.visualizers.RenderInBrowser
2021-08-24 11:53:21,750 INFO o.a.j.v.ViewResultsFullVisualizer: Add JavaFX to your Java installation if you want to use renderer: org.apache.jmeter.visualizers.RenderInBrowser
2021-08-24 11:53:21,779 INFO o.a.j.v.ViewResultsFullVisualizer: Add JavaFX to your Java installation if you want to use renderer: org.apache.jmeter.visualizers.RenderInBrowser
2021-08-24 11:53:21,802 INFO o.a.j.v.ViewResultsFullVisualizer: Add JavaFX to your Java installation if you want to use renderer: org.apache.jmeter.visualizers.RenderInBrowser
2021-08-24 11:53:21,826 INFO o.a.j.v.ViewResultsFullVisualizer: Add JavaFX to your Java installation if you want to use renderer: org.apache.jmeter.visualizers.RenderInBrowser
2021-08-24 11:53:21,852 INFO o.a.j.v.ViewResultsFullVisualizer: Add JavaFX to your Java installation if you want to use renderer: org.apache.jmeter.visualizers.RenderInBrowser
2021-08-24 11:53:21,879 INFO o.a.j.v.ViewResultsFullVisualizer: Add JavaFX to your Java installation if you want to use renderer: org.apache.jmeter.visualizers.RenderInBrowser
2021-08-24 11:53:21,908 INFO o.a.j.v.ViewResultsFullVisualizer: Add JavaFX to your Java installation if you want to use renderer: org.apache.jmeter.visualizers.RenderInBrowser
2021-08-24 11:53:21,938 INFO o.a.j.v.ViewResultsFullVisualizer: Add JavaFX to your Java installation if you want to use renderer: org.apache.jmeter.visualizers.RenderInBrowser
2021-08-24 11:53:21,963 INFO o.a.j.v.ViewResultsFullVisualizer: Add JavaFX to your Java installation if you want to use renderer: org.apache.jmeter.visualizers.RenderInBrowser
2021-08-24 11:53:21,989 INFO o.a.j.v.ViewResultsFullVisualizer: Add JavaFX to your Java installation if you want to use renderer: org.apache.jmeter.visualizers.RenderInBrowser
2021-08-24 11:53:22,014 INFO o.a.j.v.ViewResultsFullVisualizer: Add JavaFX to your Java installation if you want to use renderer: org.apache.jmeter.visualizers.RenderInBrowser
2021-08-24 11:53:22,046 INFO o.a.j.v.ViewResultsFullVisualizer: Add JavaFX to your Java installation if you want to use renderer: org.apache.jmeter.visualizers.RenderInBrowser
2021-08-24 11:53:22,075 INFO o.a.j.v.ViewResultsFullVisualizer: Add JavaFX to your Java installation if you want to use renderer: org.apache.jmeter.visualizers.RenderInBrowser
2021-08-24 11:53:22,109 INFO o.a.j.v.ViewResultsFullVisualizer: Add JavaFX to your Java installation if you want to use renderer: org.apache.jmeter.visualizers.RenderInBrowser
2021-08-24 11:53:22,142 INFO o.a.j.v.ViewResultsFullVisualizer: Add JavaFX to your Java installation if you want to use renderer: org.apache.jmeter.visualizers.RenderInBrowser
2021-08-24 11:53:22,176 INFO o.a.j.v.ViewResultsFullVisualizer: Add JavaFX to your Java installation if you want to use renderer: org.apache.jmeter.visualizers.RenderInBrowser
2021-08-24 11:53:22,214 INFO o.a.j.v.ViewResultsFullVisualizer: Add JavaFX to your Java installation if you want to use renderer: org.apache.jmeter.visualizers.RenderInBrowser
2021-08-24 11:53:22,249 INFO o.a.j.v.ViewResultsFullVisualizer: Add JavaFX to your Java installation if you want to use renderer: org.apache.jmeter.visualizers.RenderInBrowser
2021-08-24 11:53:22,279 INFO o.a.j.v.ViewResultsFullVisualizer: Add JavaFX to your Java installation if you want to use renderer: org.apache.jmeter.visualizers.RenderInBrowser
2021-08-24 11:53:22,317 INFO o.a.j.v.ViewResultsFullVisualizer: Add JavaFX to your Java installation if you want to use renderer: org.apache.jmeter.visualizers.RenderInBrowser
2021-08-24 11:53:22,358 INFO o.a.j.v.ViewResultsFullVisualizer: Add JavaFX to your Java installation if you want to use renderer: org.apache.jmeter.visualizers.RenderInBrowser
2021-08-24 11:53:22,384 INFO o.a.j.s.FileServer: Set new base='/home/taimoor/Downloads/apache-jmeter-5.2.1/bin'
2021-08-24 11:57:06,218 INFO o.a.j.e.StandardJMeterEngine: Running the test!
2021-08-24 11:57:06,219 INFO o.a.j.s.SampleEvent: List of sample_variables: []
2021-08-24 11:57:06,219 INFO o.a.j.s.SampleEvent: List of sample_variables: []
2021-08-24 11:57:06,222 INFO o.a.j.e.u.CompoundVariable: Note: Function class names must contain the string: '.functions.'
2021-08-24 11:57:06,222 INFO o.a.j.e.u.CompoundVariable: Note: Function class names must not contain the string: '.gui.'
2021-08-24 11:57:06,493 INFO o.a.j.g.u.JMeterMenuBar: setRunning(true, *local*)
2021-08-24 11:57:06,502 INFO o.a.j.e.StandardJMeterEngine: Starting ThreadGroup: 1 : HAUD API v2 | Automation Tests
2021-08-24 11:57:06,502 INFO o.a.j.e.StandardJMeterEngine: Starting 1 threads for group HAUD API v2 | Automation Tests.
2021-08-24 11:57:06,502 INFO o.a.j.e.StandardJMeterEngine: Thread will continue on error
2021-08-24 11:57:06,503 INFO o.a.j.t.ThreadGroup: Starting thread group... number=1 threads=1 ramp-up=1 delayedStart=false
2021-08-24 11:57:06,507 INFO o.a.j.t.ThreadGroup: Started thread group number 1
2021-08-24 11:57:06,507 INFO o.a.j.e.StandardJMeterEngine: All thread groups have been started
2021-08-24 11:57:06,526 INFO o.a.j.t.JMeterThread: Thread started: HAUD API v2 | Automation Tests 1-1
2021-08-24 11:57:08,890 WARN o.a.j.p.j.p.AbstractJDBCProcessor: SQL Problem in JDBC Shared Key Processor: java.sql.SQLException: Cannot create PoolableConnectionFactory (Communications link failure

The last packet sent successfully to the server was 0 milliseconds ago. The driver has not received any packets from the server.)
2021-08-24 11:57:08,901 INFO o.a.j.p.l.s.LdapExtClient: prov_url= ldap://191.255.15.205:3268/DC=matfar,DC=haud
2021-08-24 11:57:09,372 WARN o.a.j.u.XPathUtil: Error : Empty XPath expression !
2021-08-24 11:57:09,655 INFO o.a.j.m.J.Generate hash: authHashString: ims::qatest.admin@internal.haud::1629788226::null
2021-08-24 11:57:09,669 INFO o.a.j.p.h.s.HTTPHCAbstractImpl: Local host = taimoor-HP-ENVY-Laptop-13-ad1xx
2021-08-24 11:57:09,674 INFO o.a.j.p.h.s.HTTPHC4Impl: HTTP request retry count = 0
2021-08-24 11:57:10,012 ERROR o.a.j.e.j.j.JMESPathExtractor: Error processing JSON content in Extract Token, message: Unrecognized token 'org': was expecting ('true', 'false' or 'null')
 at [Source: (String)"org.apache.http.conn.HttpHostConnectException: Connect to 191.255.15.205:7020 [/191.255.15.205] failed: Connection refused (Connection refused)
	at org.apache.http.impl.conn.DefaultHttpClientConnectionOperator.connect(DefaultHttpClientConnectionOperator.java:156)
	at org.apache.jmeter.protocol.http.sampler.HTTPHC4Impl$JMeterDefaultHttpClientConnectionOperator.connect(HTTPHC4Impl.java:326)
	at org.apache.http.impl.conn.PoolingHttpClientConnectionManager.connect(PoolingHttpClientConnectionManager."[truncated 2217 chars]; line: 1, column: 4]
2021-08-24 11:57:10,012 ERROR o.a.j.e.j.j.JMESPathExtractor: Error processing JSON content in Extract Key, message: Unrecognized token 'org': was expecting ('true', 'false' or 'null')
 at [Source: (String)"org.apache.http.conn.HttpHostConnectException: Connect to 191.255.15.205:7020 [/191.255.15.205] failed: Connection refused (Connection refused)
	at org.apache.http.impl.conn.DefaultHttpClientConnectionOperator.connect(DefaultHttpClientConnectionOperator.java:156)
	at org.apache.jmeter.protocol.http.sampler.HTTPHC4Impl$JMeterDefaultHttpClientConnectionOperator.connect(HTTPHC4Impl.java:326)
	at org.apache.http.impl.conn.PoolingHttpClientConnectionManager.connect(PoolingHttpClientConnectionManager."[truncated 2217 chars]; line: 1, column: 4]
2021-08-24 11:57:11,162 INFO o.a.j.t.JMeterThread: Thread is done: HAUD API v2 | Automation Tests 1-1
2021-08-24 11:57:11,162 INFO o.a.j.t.JMeterThread: Thread finished: HAUD API v2 | Automation Tests 1-1
2021-08-24 11:57:11,163 INFO o.a.j.e.StandardJMeterEngine: Notifying test listeners of end of test
2021-08-24 11:57:11,210 INFO o.a.j.g.u.JMeterMenuBar: setRunning(false, *local*)
2021-08-24 11:57:29,251 INFO o.a.j.e.StandardJMeterEngine: Running the test!
2021-08-24 11:57:29,252 INFO o.a.j.s.SampleEvent: List of sample_variables: []
2021-08-24 11:57:29,258 INFO o.a.j.g.u.JMeterMenuBar: setRunning(true, *local*)
2021-08-24 11:57:29,260 INFO o.a.j.e.StandardJMeterEngine: Starting ThreadGroup: 1 : HAUD API v2 | Automation Tests
2021-08-24 11:57:29,260 INFO o.a.j.e.StandardJMeterEngine: Starting 1 threads for group HAUD API v2 | Automation Tests.
2021-08-24 11:57:29,260 INFO o.a.j.e.StandardJMeterEngine: Thread will continue on error
2021-08-24 11:57:29,260 INFO o.a.j.t.ThreadGroup: Starting thread group... number=1 threads=1 ramp-up=1 delayedStart=false
2021-08-24 11:57:29,261 INFO o.a.j.t.ThreadGroup: Started thread group number 1
2021-08-24 11:57:29,261 INFO o.a.j.e.StandardJMeterEngine: All thread groups have been started
2021-08-24 11:57:29,262 INFO o.a.j.t.JMeterThread: Thread started: HAUD API v2 | Automation Tests 1-1
2021-08-24 11:57:31,416 WARN o.a.j.p.j.p.AbstractJDBCProcessor: SQL Problem in JDBC Shared Key Processor: java.sql.SQLException: Cannot create PoolableConnectionFactory (Communications link failure

The last packet sent successfully to the server was 0 milliseconds ago. The driver has not received any packets from the server.)
2021-08-24 11:57:31,421 INFO o.a.j.p.l.s.LdapExtClient: prov_url= ldap://191.255.15.205:3268/DC=matfar,DC=haud
2021-08-24 11:57:31,709 WARN o.a.j.u.XPathUtil: Error : Empty XPath expression !
2021-08-24 11:57:31,730 INFO o.a.j.m.J.Generate hash: authHashString: ims::qatest.admin@internal.haud::1629788249::null
2021-08-24 11:57:32,024 ERROR o.a.j.e.j.j.JMESPathExtractor: Error processing JSON content in Extract Token, message: Unrecognized token 'org': was expecting ('true', 'false' or 'null')
 at [Source: (String)"org.apache.http.conn.HttpHostConnectException: Connect to 191.255.15.205:7020 [/191.255.15.205] failed: Connection refused (Connection refused)
	at org.apache.http.impl.conn.DefaultHttpClientConnectionOperator.connect(DefaultHttpClientConnectionOperator.java:156)
	at org.apache.jmeter.protocol.http.sampler.HTTPHC4Impl$JMeterDefaultHttpClientConnectionOperator.connect(HTTPHC4Impl.java:326)
	at org.apache.http.impl.conn.PoolingHttpClientConnectionManager.connect(PoolingHttpClientConnectionManager."[truncated 2217 chars]; line: 1, column: 4]
2021-08-24 11:57:32,024 ERROR o.a.j.e.j.j.JMESPathExtractor: Error processing JSON content in Extract Key, message: Unrecognized token 'org': was expecting ('true', 'false' or 'null')
 at [Source: (String)"org.apache.http.conn.HttpHostConnectException: Connect to 191.255.15.205:7020 [/191.255.15.205] failed: Connection refused (Connection refused)
	at org.apache.http.impl.conn.DefaultHttpClientConnectionOperator.connect(DefaultHttpClientConnectionOperator.java:156)
	at org.apache.jmeter.protocol.http.sampler.HTTPHC4Impl$JMeterDefaultHttpClientConnectionOperator.connect(HTTPHC4Impl.java:326)
	at org.apache.http.impl.conn.PoolingHttpClientConnectionManager.connect(PoolingHttpClientConnectionManager."[truncated 2217 chars]; line: 1, column: 4]
2021-08-24 11:57:32,800 INFO o.a.j.t.JMeterThread: Thread is done: HAUD API v2 | Automation Tests 1-1
2021-08-24 11:57:32,801 INFO o.a.j.t.JMeterThread: Thread finished: HAUD API v2 | Automation Tests 1-1
2021-08-24 11:57:32,801 INFO o.a.j.e.StandardJMeterEngine: Notifying test listeners of end of test
2021-08-24 11:57:32,802 INFO o.a.j.g.u.JMeterMenuBar: setRunning(false, *local*)
2021-08-24 11:59:10,357 INFO o.a.j.e.StandardJMeterEngine: Running the test!
2021-08-24 11:59:10,357 INFO o.a.j.s.SampleEvent: List of sample_variables: []
2021-08-24 11:59:10,361 INFO o.a.j.g.u.JMeterMenuBar: setRunning(true, *local*)
2021-08-24 11:59:10,362 INFO o.a.j.e.StandardJMeterEngine: Starting ThreadGroup: 1 : HAUD API v2 | Automation Tests
2021-08-24 11:59:10,362 INFO o.a.j.e.StandardJMeterEngine: Starting 1 threads for group HAUD API v2 | Automation Tests.
2021-08-24 11:59:10,362 INFO o.a.j.e.StandardJMeterEngine: Thread will continue on error
2021-08-24 11:59:10,363 INFO o.a.j.t.ThreadGroup: Starting thread group... number=1 threads=1 ramp-up=1 delayedStart=false
2021-08-24 11:59:10,370 INFO o.a.j.t.ThreadGroup: Started thread group number 1
2021-08-24 11:59:10,370 INFO o.a.j.e.StandardJMeterEngine: All thread groups have been started
2021-08-24 11:59:10,372 INFO o.a.j.t.JMeterThread: Thread started: HAUD API v2 | Automation Tests 1-1
2021-08-24 11:59:12,670 WARN o.a.j.p.j.p.AbstractJDBCProcessor: SQL Problem in JDBC Shared Key Processor: java.sql.SQLException: Cannot create PoolableConnectionFactory (Communications link failure

The last packet sent successfully to the server was 0 milliseconds ago. The driver has not received any packets from the server.)
2021-08-24 11:59:12,672 INFO o.a.j.p.l.s.LdapExtClient: prov_url= ldap://191.255.15.205:3268/DC=matfar,DC=haud
2021-08-24 11:59:13,007 WARN o.a.j.u.XPathUtil: Error : Empty XPath expression !
2021-08-24 11:59:13,054 INFO o.a.j.m.J.Generate hash: authHashString: ims::qatest.admin@internal.haud::1629788350::null
2021-08-24 11:59:13,418 ERROR o.a.j.e.j.j.JMESPathExtractor: Error processing JSON content in Extract Token, message: Unrecognized token 'org': was expecting ('true', 'false' or 'null')
 at [Source: (String)"org.apache.http.conn.HttpHostConnectException: Connect to 191.255.15.205:7020 [/191.255.15.205] failed: Connection refused (Connection refused)
	at org.apache.http.impl.conn.DefaultHttpClientConnectionOperator.connect(DefaultHttpClientConnectionOperator.java:156)
	at org.apache.jmeter.protocol.http.sampler.HTTPHC4Impl$JMeterDefaultHttpClientConnectionOperator.connect(HTTPHC4Impl.java:326)
	at org.apache.http.impl.conn.PoolingHttpClientConnectionManager.connect(PoolingHttpClientConnectionManager."[truncated 2217 chars]; line: 1, column: 4]
2021-08-24 11:59:13,418 ERROR o.a.j.e.j.j.JMESPathExtractor: Error processing JSON content in Extract Key, message: Unrecognized token 'org': was expecting ('true', 'false' or 'null')
 at [Source: (String)"org.apache.http.conn.HttpHostConnectException: Connect to 191.255.15.205:7020 [/191.255.15.205] failed: Connection refused (Connection refused)
	at org.apache.http.impl.conn.DefaultHttpClientConnectionOperator.connect(DefaultHttpClientConnectionOperator.java:156)
	at org.apache.jmeter.protocol.http.sampler.HTTPHC4Impl$JMeterDefaultHttpClientConnectionOperator.connect(HTTPHC4Impl.java:326)
	at org.apache.http.impl.conn.PoolingHttpClientConnectionManager.connect(PoolingHttpClientConnectionManager."[truncated 2217 chars]; line: 1, column: 4]
2021-08-24 11:59:14,236 INFO o.a.j.t.JMeterThread: Thread is done: HAUD API v2 | Automation Tests 1-1
2021-08-24 11:59:14,237 INFO o.a.j.t.JMeterThread: Thread finished: HAUD API v2 | Automation Tests 1-1
2021-08-24 11:59:14,237 INFO o.a.j.e.StandardJMeterEngine: Notifying test listeners of end of test
2021-08-24 11:59:14,237 INFO o.a.j.g.u.JMeterMenuBar: setRunning(false, *local*)
2021-08-24 12:19:32,605 INFO o.a.j.e.StandardJMeterEngine: Running the test!
2021-08-24 12:19:32,605 INFO o.a.j.s.SampleEvent: List of sample_variables: []
2021-08-24 12:19:32,608 INFO o.a.j.g.u.JMeterMenuBar: setRunning(true, *local*)
2021-08-24 12:19:32,609 INFO o.a.j.e.StandardJMeterEngine: Starting ThreadGroup: 1 : HAUD API v2 | Automation Tests
2021-08-24 12:19:32,609 INFO o.a.j.e.StandardJMeterEngine: Starting 1 threads for group HAUD API v2 | Automation Tests.
2021-08-24 12:19:32,609 INFO o.a.j.e.StandardJMeterEngine: Thread will continue on error
2021-08-24 12:19:32,609 INFO o.a.j.t.ThreadGroup: Starting thread group... number=1 threads=1 ramp-up=1 delayedStart=false
2021-08-24 12:19:32,616 INFO o.a.j.t.ThreadGroup: Started thread group number 1
2021-08-24 12:19:32,616 INFO o.a.j.e.StandardJMeterEngine: All thread groups have been started
2021-08-24 12:19:32,617 INFO o.a.j.t.JMeterThread: Thread started: HAUD API v2 | Automation Tests 1-1
2021-08-24 12:19:48,494 INFO o.a.j.p.l.s.LdapExtClient: prov_url= ldap://191.255.15.251:3268/DC=matfar,DC=haud
2021-08-24 12:19:49,419 WARN o.a.j.u.XPathUtil: Error : Empty XPath expression !
2021-08-24 12:19:49,441 INFO o.a.j.m.J.Generate hash: authHashString: ims::qatest.admin@internal.haud::1629789572::fc4589ec6e5f
2021-08-24 12:22:00,046 ERROR o.a.j.e.j.j.JMESPathExtractor: Error processing JSON content in Extract Token, message: Unrecognized token 'org': was expecting ('true', 'false' or 'null')
 at [Source: (String)"org.apache.http.conn.HttpHostConnectException: Connect to 191.255.15.5:7020 [/191.255.15.5] failed: Connection timed out (Connection timed out)
	at org.apache.http.impl.conn.DefaultHttpClientConnectionOperator.connect(DefaultHttpClientConnectionOperator.java:156)
	at org.apache.jmeter.protocol.http.sampler.HTTPHC4Impl$JMeterDefaultHttpClientConnectionOperator.connect(HTTPHC4Impl.java:326)
	at org.apache.http.impl.conn.PoolingHttpClientConnectionManager.connect(PoolingHttpClientConnectionManager."[truncated 2221 chars]; line: 1, column: 4]
2021-08-24 12:22:00,046 ERROR o.a.j.e.j.j.JMESPathExtractor: Error processing JSON content in Extract Key, message: Unrecognized token 'org': was expecting ('true', 'false' or 'null')
 at [Source: (String)"org.apache.http.conn.HttpHostConnectException: Connect to 191.255.15.5:7020 [/191.255.15.5] failed: Connection timed out (Connection timed out)
	at org.apache.http.impl.conn.DefaultHttpClientConnectionOperator.connect(DefaultHttpClientConnectionOperator.java:156)
	at org.apache.jmeter.protocol.http.sampler.HTTPHC4Impl$JMeterDefaultHttpClientConnectionOperator.connect(HTTPHC4Impl.java:326)
	at org.apache.http.impl.conn.PoolingHttpClientConnectionManager.connect(PoolingHttpClientConnectionManager."[truncated 2221 chars]; line: 1, column: 4]
2021-08-24 12:26:22,190 INFO o.a.j.t.JMeterThread: Thread is done: HAUD API v2 | Automation Tests 1-1
2021-08-24 12:26:22,190 INFO o.a.j.t.JMeterThread: Thread finished: HAUD API v2 | Automation Tests 1-1
2021-08-24 12:26:22,191 INFO o.a.j.e.StandardJMeterEngine: Notifying test listeners of end of test
2021-08-24 12:26:22,193 WARN o.a.j.p.l.s.LDAPExtSampler: Tidying old Context for thread: HAUD API v2 | Automation Tests 1-1
2021-08-24 12:26:22,196 INFO o.a.j.g.u.JMeterMenuBar: setRunning(false, *local*)
2021-08-24 14:28:42,590 INFO o.a.j.e.StandardJMeterEngine: Running the test!
2021-08-24 14:28:42,591 INFO o.a.j.s.SampleEvent: List of sample_variables: []
2021-08-24 14:28:42,595 INFO o.a.j.g.u.JMeterMenuBar: setRunning(true, *local*)
2021-08-24 14:28:42,615 INFO o.a.j.e.StandardJMeterEngine: Starting ThreadGroup: 1 : HAUD API v2 | Automation Tests
2021-08-24 14:28:42,615 INFO o.a.j.e.StandardJMeterEngine: Starting 1 threads for group HAUD API v2 | Automation Tests.
2021-08-24 14:28:42,615 INFO o.a.j.e.StandardJMeterEngine: Thread will continue on error
2021-08-24 14:28:42,615 INFO o.a.j.t.ThreadGroup: Starting thread group... number=1 threads=1 ramp-up=1 delayedStart=false
2021-08-24 14:28:42,616 INFO o.a.j.t.ThreadGroup: Started thread group number 1
2021-08-24 14:28:42,616 INFO o.a.j.e.StandardJMeterEngine: All thread groups have been started
2021-08-24 14:28:42,617 INFO o.a.j.t.JMeterThread: Thread started: HAUD API v2 | Automation Tests 1-1
2021-08-24 14:28:56,378 INFO o.a.j.p.l.s.LdapExtClient: prov_url= ldap://191.255.15.251:3268/DC=matfar,DC=haud
2021-08-24 14:28:57,350 WARN o.a.j.u.XPathUtil: Error : Empty XPath expression !
2021-08-24 14:28:57,410 INFO o.a.j.m.J.Generate hash: authHashString: ims::qatest.admin@internal.haud::1629797322::8d3f2e2e72fa
2021-08-24 14:29:01,007 INFO o.a.j.t.JMeterThread: Thread is done: HAUD API v2 | Automation Tests 1-1
2021-08-24 14:29:01,007 INFO o.a.j.t.JMeterThread: Thread finished: HAUD API v2 | Automation Tests 1-1
2021-08-24 14:29:01,007 INFO o.a.j.e.StandardJMeterEngine: Notifying test listeners of end of test
2021-08-24 14:29:01,010 WARN o.a.j.p.l.s.LDAPExtSampler: Tidying old Context for thread: HAUD API v2 | Automation Tests 1-1
2021-08-24 14:29:01,012 INFO o.a.j.g.u.JMeterMenuBar: setRunning(false, *local*)
2021-08-24 14:32:30,313 INFO o.a.j.v.ViewResultsFullVisualizer: Add JavaFX to your Java installation if you want to use renderer: org.apache.jmeter.visualizers.RenderInBrowser
2021-08-24 14:58:38,527 INFO o.a.j.e.StandardJMeterEngine: Running the test!
2021-08-24 14:58:38,527 INFO o.a.j.s.SampleEvent: List of sample_variables: []
2021-08-24 14:58:38,531 INFO o.a.j.g.u.JMeterMenuBar: setRunning(true, *local*)
2021-08-24 14:58:38,532 INFO o.a.j.e.StandardJMeterEngine: Starting ThreadGroup: 1 : HAUD API v2 | Automation Tests
2021-08-24 14:58:38,532 INFO o.a.j.e.StandardJMeterEngine: Starting 1 threads for group HAUD API v2 | Automation Tests.
2021-08-24 14:58:38,539 INFO o.a.j.e.StandardJMeterEngine: Thread will continue on error
2021-08-24 14:58:38,539 INFO o.a.j.t.ThreadGroup: Starting thread group... number=1 threads=1 ramp-up=1 delayedStart=false
2021-08-24 14:58:38,540 INFO o.a.j.t.ThreadGroup: Started thread group number 1
2021-08-24 14:58:38,541 INFO o.a.j.e.StandardJMeterEngine: All thread groups have been started
2021-08-24 14:58:38,541 INFO o.a.j.t.JMeterThread: Thread started: HAUD API v2 | Automation Tests 1-1
2021-08-24 14:58:54,461 INFO o.a.j.p.l.s.LdapExtClient: prov_url= ldap://191.255.15.251:3268/DC=matfar,DC=haud
2021-08-24 14:58:55,688 WARN o.a.j.u.XPathUtil: Error : Empty XPath expression !
2021-08-24 14:58:55,725 INFO o.a.j.m.J.Generate hash: authHashString: ims::qatest.admin@internal.haud::1629799118::8d3f2e2e72fa
2021-08-24 14:59:00,094 INFO o.a.j.t.JMeterThread: Thread is done: HAUD API v2 | Automation Tests 1-1
2021-08-24 14:59:00,095 INFO o.a.j.t.JMeterThread: Thread finished: HAUD API v2 | Automation Tests 1-1
2021-08-24 14:59:00,095 INFO o.a.j.e.StandardJMeterEngine: Notifying test listeners of end of test
2021-08-24 14:59:00,099 WARN o.a.j.p.l.s.LDAPExtSampler: Tidying old Context for thread: HAUD API v2 | Automation Tests 1-1
2021-08-24 14:59:00,102 INFO o.a.j.g.u.JMeterMenuBar: setRunning(false, *local*)
2021-08-24 15:01:52,437 INFO o.a.j.e.StandardJMeterEngine: Running the test!
2021-08-24 15:01:52,437 INFO o.a.j.s.SampleEvent: List of sample_variables: []
2021-08-24 15:01:52,441 INFO o.a.j.g.u.JMeterMenuBar: setRunning(true, *local*)
2021-08-24 15:01:52,451 INFO o.a.j.e.StandardJMeterEngine: Starting ThreadGroup: 1 : HAUD API v2 | Automation Tests
2021-08-24 15:01:52,451 INFO o.a.j.e.StandardJMeterEngine: Starting 1 threads for group HAUD API v2 | Automation Tests.
2021-08-24 15:01:52,452 INFO o.a.j.e.StandardJMeterEngine: Thread will continue on error
2021-08-24 15:01:52,452 INFO o.a.j.t.ThreadGroup: Starting thread group... number=1 threads=1 ramp-up=1 delayedStart=false
2021-08-24 15:01:52,457 INFO o.a.j.t.ThreadGroup: Started thread group number 1
2021-08-24 15:01:52,457 INFO o.a.j.e.StandardJMeterEngine: All thread groups have been started
2021-08-24 15:01:52,458 INFO o.a.j.t.JMeterThread: Thread started: HAUD API v2 | Automation Tests 1-1
2021-08-24 15:02:06,108 INFO o.a.j.p.l.s.LdapExtClient: prov_url= ldap://191.255.15.251:3268/DC=matfar,DC=haud
2021-08-24 15:02:06,960 WARN o.a.j.u.XPathUtil: Error : Empty XPath expression !
2021-08-24 15:02:06,992 INFO o.a.j.m.J.Generate hash: authHashString: ims::qatest.admin@internal.haud::1629799312::8d3f2e2e72fa
2021-08-24 15:02:11,106 INFO o.a.j.t.JMeterThread: Thread is done: HAUD API v2 | Automation Tests 1-1
2021-08-24 15:02:11,106 INFO o.a.j.t.JMeterThread: Thread finished: HAUD API v2 | Automation Tests 1-1
2021-08-24 15:02:11,107 INFO o.a.j.e.StandardJMeterEngine: Notifying test listeners of end of test
2021-08-24 15:02:11,111 WARN o.a.j.p.l.s.LDAPExtSampler: Tidying old Context for thread: HAUD API v2 | Automation Tests 1-1
2021-08-24 15:02:11,114 INFO o.a.j.g.u.JMeterMenuBar: setRunning(false, *local*)
2021-08-24 15:05:26,271 INFO o.a.j.e.StandardJMeterEngine: Running the test!
2021-08-24 15:05:26,271 INFO o.a.j.s.SampleEvent: List of sample_variables: []
2021-08-24 15:05:26,274 INFO o.a.j.g.u.JMeterMenuBar: setRunning(true, *local*)
2021-08-24 15:05:26,274 INFO o.a.j.e.StandardJMeterEngine: Starting ThreadGroup: 1 : HAUD API v2 | Automation Tests
2021-08-24 15:05:26,274 INFO o.a.j.e.StandardJMeterEngine: Starting 1 threads for group HAUD API v2 | Automation Tests.
2021-08-24 15:05:26,275 INFO o.a.j.e.StandardJMeterEngine: Thread will continue on error
2021-08-24 15:05:26,275 INFO o.a.j.t.ThreadGroup: Starting thread group... number=1 threads=1 ramp-up=1 delayedStart=false
2021-08-24 15:05:26,282 INFO o.a.j.t.ThreadGroup: Started thread group number 1
2021-08-24 15:05:26,282 INFO o.a.j.e.StandardJMeterEngine: All thread groups have been started
2021-08-24 15:05:26,283 INFO o.a.j.t.JMeterThread: Thread started: HAUD API v2 | Automation Tests 1-1
2021-08-24 15:05:39,710 INFO o.a.j.p.l.s.LdapExtClient: prov_url= ldap://191.255.15.251:3268/DC=matfar,DC=haud
2021-08-24 15:05:40,540 WARN o.a.j.u.XPathUtil: Error : Empty XPath expression !
2021-08-24 15:05:40,577 INFO o.a.j.m.J.Generate hash: authHashString: ims::qatest.admin@internal.haud::1629799526::8d3f2e2e72fa
2021-08-24 15:05:41,759 ERROR o.a.j.m.JSR223PreProcessor: Problem in JSR223 script, Generate SID Action
javax.script.ScriptException: TypeError: vars.pu is not a function in <eval> at line number 5
	at jdk.nashorn.api.scripting.NashornScriptEngine.throwAsScriptException(NashornScriptEngine.java:477) ~[jdk.scripting.nashorn:?]
	at jdk.nashorn.api.scripting.NashornScriptEngine.evalImpl(NashornScriptEngine.java:433) ~[jdk.scripting.nashorn:?]
	at jdk.nashorn.api.scripting.NashornScriptEngine$3.eval(NashornScriptEngine.java:521) ~[jdk.scripting.nashorn:?]
	at javax.script.CompiledScript.eval(CompiledScript.java:89) ~[java.scripting:?]
	at org.apache.jmeter.util.JSR223TestElement.processFileOrScript(JSR223TestElement.java:223) ~[ApacheJMeter_core.jar:5.2.1]
	at org.apache.jmeter.modifiers.JSR223PreProcessor.process(JSR223PreProcessor.java:44) [ApacheJMeter_components.jar:5.2.1]
	at org.apache.jmeter.threads.JMeterThread.runPreProcessors(JMeterThread.java:941) [ApacheJMeter_core.jar:5.2.1]
	at org.apache.jmeter.threads.JMeterThread.executeSamplePackage(JMeterThread.java:542) [ApacheJMeter_core.jar:5.2.1]
	at org.apache.jmeter.threads.JMeterThread.processSampler(JMeterThread.java:490) [ApacheJMeter_core.jar:5.2.1]
	at org.apache.jmeter.threads.JMeterThread.run(JMeterThread.java:257) [ApacheJMeter_core.jar:5.2.1]
	at java.lang.Thread.run(Thread.java:829) [?:?]
Caused by: jdk.nashorn.internal.runtime.ECMAException: TypeError: vars.pu is not a function
	at jdk.nashorn.internal.runtime.ECMAErrors.error(ECMAErrors.java:57) ~[jdk.scripting.nashorn:?]
	at jdk.nashorn.internal.runtime.ECMAErrors.typeError(ECMAErrors.java:213) ~[jdk.scripting.nashorn:?]
	at jdk.nashorn.internal.runtime.ECMAErrors.typeError(ECMAErrors.java:185) ~[jdk.scripting.nashorn:?]
	at jdk.nashorn.internal.runtime.ECMAErrors.typeError(ECMAErrors.java:172) ~[jdk.scripting.nashorn:?]
	at jdk.nashorn.internal.runtime.Undefined.lookup(Undefined.java:100) ~[jdk.scripting.nashorn:?]
	at jdk.nashorn.internal.runtime.linker.NashornLinker.getGuardedInvocation(NashornLinker.java:106) ~[jdk.scripting.nashorn:?]
	at jdk.nashorn.internal.runtime.linker.NashornLinker.getGuardedInvocation(NashornLinker.java:96) ~[jdk.scripting.nashorn:?]
	at jdk.dynalink.linker.support.CompositeTypeBasedGuardingDynamicLinker.getGuardedInvocation(CompositeTypeBasedGuardingDynamicLinker.java:161) ~[jdk.dynalink:?]
	at jdk.dynalink.linker.support.CompositeGuardingDynamicLinker.getGuardedInvocation(CompositeGuardingDynamicLinker.java:109) ~[jdk.dynalink:?]
	at jdk.dynalink.LinkerServicesImpl.lambda$getGuardedInvocation$0(LinkerServicesImpl.java:137) ~[jdk.dynalink:?]
	at jdk.dynalink.LinkerServicesImpl.getWithLookupInternal(LinkerServicesImpl.java:168) ~[jdk.dynalink:?]
	at jdk.dynalink.LinkerServicesImpl.getGuardedInvocation(LinkerServicesImpl.java:135) ~[jdk.dynalink:?]
	at jdk.dynalink.DynamicLinker.relink(DynamicLinker.java:242) ~[jdk.dynalink:?]
	at jdk.nashorn.internal.scripts.Script$Recompilation$159$\^eval\_$cu1$restOf/0x0000000840a74c40.:program(<eval>:5) ~[?:?]
	at jdk.nashorn.internal.runtime.ScriptFunctionData.invoke(ScriptFunctionData.java:655) ~[jdk.scripting.nashorn:?]
	at jdk.nashorn.internal.runtime.ScriptFunction.invoke(ScriptFunction.java:513) ~[jdk.scripting.nashorn:?]
	at jdk.nashorn.internal.runtime.ScriptRuntime.apply(ScriptRuntime.java:527) ~[jdk.scripting.nashorn:?]
	at jdk.nashorn.api.scripting.NashornScriptEngine.evalImpl(NashornScriptEngine.java:428) ~[jdk.scripting.nashorn:?]
	... 9 more
2021-08-24 15:05:44,652 INFO o.a.j.t.JMeterThread: Thread is done: HAUD API v2 | Automation Tests 1-1
2021-08-24 15:05:44,652 INFO o.a.j.t.JMeterThread: Thread finished: HAUD API v2 | Automation Tests 1-1
2021-08-24 15:05:44,652 INFO o.a.j.e.StandardJMeterEngine: Notifying test listeners of end of test
2021-08-24 15:05:44,656 WARN o.a.j.p.l.s.LDAPExtSampler: Tidying old Context for thread: HAUD API v2 | Automation Tests 1-1
2021-08-24 15:05:44,659 INFO o.a.j.g.u.JMeterMenuBar: setRunning(false, *local*)
2021-08-24 15:06:59,996 INFO o.a.j.e.StandardJMeterEngine: Running the test!
2021-08-24 15:06:59,997 INFO o.a.j.s.SampleEvent: List of sample_variables: []
2021-08-24 15:06:59,999 INFO o.a.j.g.u.JMeterMenuBar: setRunning(true, *local*)
2021-08-24 15:07:00,146 INFO o.a.j.e.StandardJMeterEngine: Starting ThreadGroup: 1 : HAUD API v2 | Automation Tests
2021-08-24 15:07:00,147 INFO o.a.j.e.StandardJMeterEngine: Starting 1 threads for group HAUD API v2 | Automation Tests.
2021-08-24 15:07:00,147 INFO o.a.j.e.StandardJMeterEngine: Thread will continue on error
2021-08-24 15:07:00,147 INFO o.a.j.t.ThreadGroup: Starting thread group... number=1 threads=1 ramp-up=1 delayedStart=false
2021-08-24 15:07:00,148 INFO o.a.j.t.ThreadGroup: Started thread group number 1
2021-08-24 15:07:00,148 INFO o.a.j.e.StandardJMeterEngine: All thread groups have been started
2021-08-24 15:07:00,149 INFO o.a.j.t.JMeterThread: Thread started: HAUD API v2 | Automation Tests 1-1
2021-08-24 15:07:14,176 INFO o.a.j.p.l.s.LdapExtClient: prov_url= ldap://191.255.15.251:3268/DC=matfar,DC=haud
2021-08-24 15:07:15,105 WARN o.a.j.u.XPathUtil: Error : Empty XPath expression !
2021-08-24 15:07:15,142 INFO o.a.j.m.J.Generate hash: authHashString: ims::qatest.admin@internal.haud::1629799619::8d3f2e2e72fa
2021-08-24 15:07:16,550 ERROR o.a.j.m.JSR223PreProcessor: Problem in JSR223 script, Generate SID Action
javax.script.ScriptException: TypeError: vars.pu is not a function in <eval> at line number 5
	at jdk.nashorn.api.scripting.NashornScriptEngine.throwAsScriptException(NashornScriptEngine.java:477) ~[jdk.scripting.nashorn:?]
	at jdk.nashorn.api.scripting.NashornScriptEngine.evalImpl(NashornScriptEngine.java:433) ~[jdk.scripting.nashorn:?]
	at jdk.nashorn.api.scripting.NashornScriptEngine$3.eval(NashornScriptEngine.java:521) ~[jdk.scripting.nashorn:?]
	at javax.script.CompiledScript.eval(CompiledScript.java:89) ~[java.scripting:?]
	at org.apache.jmeter.util.JSR223TestElement.processFileOrScript(JSR223TestElement.java:223) ~[ApacheJMeter_core.jar:5.2.1]
	at org.apache.jmeter.modifiers.JSR223PreProcessor.process(JSR223PreProcessor.java:44) [ApacheJMeter_components.jar:5.2.1]
	at org.apache.jmeter.threads.JMeterThread.runPreProcessors(JMeterThread.java:941) [ApacheJMeter_core.jar:5.2.1]
	at org.apache.jmeter.threads.JMeterThread.executeSamplePackage(JMeterThread.java:542) [ApacheJMeter_core.jar:5.2.1]
	at org.apache.jmeter.threads.JMeterThread.processSampler(JMeterThread.java:490) [ApacheJMeter_core.jar:5.2.1]
	at org.apache.jmeter.threads.JMeterThread.run(JMeterThread.java:257) [ApacheJMeter_core.jar:5.2.1]
	at java.lang.Thread.run(Thread.java:829) [?:?]
Caused by: jdk.nashorn.internal.runtime.ECMAException: TypeError: vars.pu is not a function
	at jdk.nashorn.internal.runtime.ECMAErrors.error(ECMAErrors.java:57) ~[jdk.scripting.nashorn:?]
	at jdk.nashorn.internal.runtime.ECMAErrors.typeError(ECMAErrors.java:213) ~[jdk.scripting.nashorn:?]
	at jdk.nashorn.internal.runtime.ECMAErrors.typeError(ECMAErrors.java:185) ~[jdk.scripting.nashorn:?]
	at jdk.nashorn.internal.runtime.ECMAErrors.typeError(ECMAErrors.java:172) ~[jdk.scripting.nashorn:?]
	at jdk.nashorn.internal.runtime.Undefined.lookup(Undefined.java:100) ~[jdk.scripting.nashorn:?]
	at jdk.nashorn.internal.runtime.linker.NashornLinker.getGuardedInvocation(NashornLinker.java:106) ~[jdk.scripting.nashorn:?]
	at jdk.nashorn.internal.runtime.linker.NashornLinker.getGuardedInvocation(NashornLinker.java:96) ~[jdk.scripting.nashorn:?]
	at jdk.dynalink.linker.support.CompositeTypeBasedGuardingDynamicLinker.getGuardedInvocation(CompositeTypeBasedGuardingDynamicLinker.java:161) ~[jdk.dynalink:?]
	at jdk.dynalink.linker.support.CompositeGuardingDynamicLinker.getGuardedInvocation(CompositeGuardingDynamicLinker.java:109) ~[jdk.dynalink:?]
	at jdk.dynalink.LinkerServicesImpl.lambda$getGuardedInvocation$0(LinkerServicesImpl.java:137) ~[jdk.dynalink:?]
	at jdk.dynalink.LinkerServicesImpl.getWithLookupInternal(LinkerServicesImpl.java:168) ~[jdk.dynalink:?]
	at jdk.dynalink.LinkerServicesImpl.getGuardedInvocation(LinkerServicesImpl.java:135) ~[jdk.dynalink:?]
	at jdk.dynalink.DynamicLinker.relink(DynamicLinker.java:242) ~[jdk.dynalink:?]
	at jdk.nashorn.internal.scripts.Script$Recompilation$187$\^eval\_$cu1$restOf/0x000000084093f440.:program(<eval>:5) ~[?:?]
	at jdk.nashorn.internal.runtime.ScriptFunctionData.invoke(ScriptFunctionData.java:655) ~[jdk.scripting.nashorn:?]
	at jdk.nashorn.internal.runtime.ScriptFunction.invoke(ScriptFunction.java:513) ~[jdk.scripting.nashorn:?]
	at jdk.nashorn.internal.runtime.ScriptRuntime.apply(ScriptRuntime.java:527) ~[jdk.scripting.nashorn:?]
	at jdk.nashorn.api.scripting.NashornScriptEngine.evalImpl(NashornScriptEngine.java:428) ~[jdk.scripting.nashorn:?]
	... 9 more
2021-08-24 15:07:19,665 INFO o.a.j.t.JMeterThread: Thread is done: HAUD API v2 | Automation Tests 1-1
2021-08-24 15:07:19,666 INFO o.a.j.t.JMeterThread: Thread finished: HAUD API v2 | Automation Tests 1-1
2021-08-24 15:07:19,666 INFO o.a.j.e.StandardJMeterEngine: Notifying test listeners of end of test
2021-08-24 15:07:19,671 WARN o.a.j.p.l.s.LDAPExtSampler: Tidying old Context for thread: HAUD API v2 | Automation Tests 1-1
2021-08-24 15:07:19,673 INFO o.a.j.g.u.JMeterMenuBar: setRunning(false, *local*)
2021-08-24 15:09:01,256 INFO o.a.j.e.StandardJMeterEngine: Running the test!
2021-08-24 15:09:01,256 INFO o.a.j.s.SampleEvent: List of sample_variables: []
2021-08-24 15:09:01,258 INFO o.a.j.g.u.JMeterMenuBar: setRunning(true, *local*)
2021-08-24 15:09:01,260 INFO o.a.j.e.StandardJMeterEngine: Starting ThreadGroup: 1 : HAUD API v2 | Automation Tests
2021-08-24 15:09:01,260 INFO o.a.j.e.StandardJMeterEngine: Starting 1 threads for group HAUD API v2 | Automation Tests.
2021-08-24 15:09:01,260 INFO o.a.j.e.StandardJMeterEngine: Thread will continue on error
2021-08-24 15:09:01,260 INFO o.a.j.t.ThreadGroup: Starting thread group... number=1 threads=1 ramp-up=1 delayedStart=false
2021-08-24 15:09:01,270 INFO o.a.j.t.ThreadGroup: Started thread group number 1
2021-08-24 15:09:01,270 INFO o.a.j.e.StandardJMeterEngine: All thread groups have been started
2021-08-24 15:09:01,271 INFO o.a.j.t.JMeterThread: Thread started: HAUD API v2 | Automation Tests 1-1
2021-08-24 15:09:15,179 INFO o.a.j.p.l.s.LdapExtClient: prov_url= ldap://191.255.15.251:3268/DC=matfar,DC=haud
2021-08-24 15:09:16,136 WARN o.a.j.u.XPathUtil: Error : Empty XPath expression !
2021-08-24 15:09:16,149 INFO o.a.j.m.J.Generate hash: authHashString: ims::qatest.admin@internal.haud::1629799741::8d3f2e2e72fa
2021-08-24 15:09:20,700 INFO o.a.j.t.JMeterThread: Thread is done: HAUD API v2 | Automation Tests 1-1
2021-08-24 15:09:20,700 INFO o.a.j.t.JMeterThread: Thread finished: HAUD API v2 | Automation Tests 1-1
2021-08-24 15:09:20,700 INFO o.a.j.e.StandardJMeterEngine: Notifying test listeners of end of test
2021-08-24 15:09:20,702 WARN o.a.j.p.l.s.LDAPExtSampler: Tidying old Context for thread: HAUD API v2 | Automation Tests 1-1
2021-08-24 15:09:20,703 INFO o.a.j.g.u.JMeterMenuBar: setRunning(false, *local*)
